<?xml version="1.0" encoding="UTF-8"?>
<!-- Generated by org.testng.reporters.JUnitReportReporter -->
<testsuite hostname="DESKTOP-GJ0N2ME" failures="0" tests="1" name="testCases.TC_001_AccountRegistrationTest" time="3.207" errors="0" timestamp="2024-04-17T00:08:54 GMT-06:00" skipped="0">
  <testcase classname="testCases.TC_001_AccountRegistrationTest" name="verify_account_registration" time="3.207"/>
</testsuite> <!-- testCases.TC_001_AccountRegistrationTest -->
