<?xml version="1.0" encoding="UTF-8"?>
<!-- Generated by org.testng.reporters.JUnitReportReporter -->
<testsuite hostname="DESKTOP-GJ0N2ME" failures="0" tests="1" name="testCases.TC_002_LoginTest" time="1.986" errors="0" timestamp="2024-04-17T00:08:54 GMT-06:00" skipped="0">
  <testcase classname="testCases.TC_002_LoginTest" name="verify_login" time="1.986"/>
</testsuite> <!-- testCases.TC_002_LoginTest -->
